<?xml version="1.0" encoding="UTF-8"?>
<testsuite name="com.eldar.challenge.backend.BackendApplicationTests" tests="1" skipped="0" failures="0" errors="0" timestamp="2024-11-26T12:59:23" hostname="FP---Mac-Studio.local" time="0.284">
  <properties/>
  <testcase name="contextLoads()" classname="com.eldar.challenge.backend.BackendApplicationTests" time="0.284"/>
  <system-out><![CDATA[09:59:21.692 [Test worker] INFO org.springframework.test.context.support.AnnotationConfigContextLoaderUtils -- Could not detect default configuration classes for test class [com.eldar.challenge.backend.BackendApplicationTests]: BackendApplicationTests does not declare any static, non-private, non-final, nested classes annotated with @Configuration.
09:59:21.727 [Test worker] INFO org.springframework.boot.test.context.SpringBootTestContextBootstrapper -- Found @SpringBootConfiguration com.eldar.challenge.backend.BackendApplication for test class com.eldar.challenge.backend.BackendApplicationTests

  .   ____          _            __ _ _
 /\\ / ___'_ __ _ _(_)_ __  __ _ \ \ \ \
( ( )\___ | '_ | '_| | '_ \/ _` | \ \ \ \
 \\/  ___)| |_)| | | | | || (_| |  ) ) ) )
  '  |____| .__|_| |_|_| |_\__, | / / / /
 =========|_|==============|___/=/_/_/_/

 :: Spring Boot ::                (v3.3.5)

2024-11-26T09:59:21.861-03:00  INFO 24488 --- [backend] [    Test worker] c.e.c.backend.BackendApplicationTests    : Starting BackendApplicationTests using Java 21.0.5 with PID 24488 (started by hee in /Users/hee/Documents/Java/eldar/cards)
2024-11-26T09:59:21.862-03:00  INFO 24488 --- [backend] [    Test worker] c.e.c.backend.BackendApplicationTests    : No active profile set, falling back to 1 default profile: "default"
2024-11-26T09:59:22.109-03:00  INFO 24488 --- [backend] [    Test worker] .s.d.r.c.RepositoryConfigurationDelegate : Bootstrapping Spring Data JPA repositories in DEFAULT mode.
2024-11-26T09:59:22.131-03:00  INFO 24488 --- [backend] [    Test worker] .s.d.r.c.RepositoryConfigurationDelegate : Finished Spring Data repository scanning in 19 ms. Found 3 JPA repository interfaces.
2024-11-26T09:59:22.356-03:00  INFO 24488 --- [backend] [    Test worker] com.zaxxer.hikari.HikariDataSource       : HikariPool-1 - Starting...
2024-11-26T09:59:22.421-03:00  INFO 24488 --- [backend] [    Test worker] com.zaxxer.hikari.pool.HikariPool        : HikariPool-1 - Added connection conn0: url=jdbc:h2:mem:11ee4e6f-bd3e-4a02-9650-670c540e3a53 user=SA
2024-11-26T09:59:22.422-03:00  INFO 24488 --- [backend] [    Test worker] com.zaxxer.hikari.HikariDataSource       : HikariPool-1 - Start completed.
2024-11-26T09:59:22.441-03:00  INFO 24488 --- [backend] [    Test worker] org.flywaydb.core.FlywayExecutor         : Database: jdbc:h2:mem:11ee4e6f-bd3e-4a02-9650-670c540e3a53 (H2 2.2)
2024-11-26T09:59:22.444-03:00  WARN 24488 --- [backend] [    Test worker] o.f.c.internal.database.base.Database    : Flyway upgrade recommended: H2 2.2.224 is newer than this version of Flyway and support has not been tested. The latest supported version of H2 is 2.2.220.
2024-11-26T09:59:22.451-03:00  INFO 24488 --- [backend] [    Test worker] o.f.c.i.s.JdbcTableSchemaHistory         : Schema history table "PUBLIC"."flyway_schema_history" does not exist yet
2024-11-26T09:59:22.452-03:00  INFO 24488 --- [backend] [    Test worker] o.f.core.internal.command.DbValidate     : Successfully validated 2 migrations (execution time 00:00.004s)
2024-11-26T09:59:22.454-03:00  INFO 24488 --- [backend] [    Test worker] o.f.c.i.s.JdbcTableSchemaHistory         : Creating Schema History table "PUBLIC"."flyway_schema_history" ...
2024-11-26T09:59:22.467-03:00  INFO 24488 --- [backend] [    Test worker] o.f.core.internal.command.DbMigrate      : Current version of schema "PUBLIC": << Empty Schema >>
2024-11-26T09:59:22.470-03:00  INFO 24488 --- [backend] [    Test worker] o.f.core.internal.command.DbMigrate      : Migrating schema "PUBLIC" to version "1.0 - create tables"
2024-11-26T09:59:22.477-03:00  INFO 24488 --- [backend] [    Test worker] o.f.core.internal.command.DbMigrate      : Migrating schema "PUBLIC" to version "1.1 - insert brands"
2024-11-26T09:59:22.481-03:00  INFO 24488 --- [backend] [    Test worker] o.f.core.internal.command.DbMigrate      : Successfully applied 2 migrations to schema "PUBLIC", now at version v1.1 (execution time 00:00.003s)
2024-11-26T09:59:22.526-03:00  INFO 24488 --- [backend] [    Test worker] o.hibernate.jpa.internal.util.LogHelper  : HHH000204: Processing PersistenceUnitInfo [name: default]
2024-11-26T09:59:22.551-03:00  INFO 24488 --- [backend] [    Test worker] org.hibernate.Version                    : HHH000412: Hibernate ORM core version 6.5.3.Final
2024-11-26T09:59:22.563-03:00  INFO 24488 --- [backend] [    Test worker] o.h.c.internal.RegionFactoryInitiator    : HHH000026: Second-level cache disabled
2024-11-26T09:59:22.664-03:00  INFO 24488 --- [backend] [    Test worker] o.s.o.j.p.SpringPersistenceUnitInfo      : No LoadTimeWeaver setup: ignoring JPA class transformer
2024-11-26T09:59:23.041-03:00  INFO 24488 --- [backend] [    Test worker] o.h.e.t.j.p.i.JtaPlatformInitiator       : HHH000489: No JTA platform available (set 'hibernate.transaction.jta.platform' to enable JTA platform integration)
2024-11-26T09:59:23.042-03:00  INFO 24488 --- [backend] [    Test worker] j.LocalContainerEntityManagerFactoryBean : Initialized JPA EntityManagerFactory for persistence unit 'default'
2024-11-26T09:59:23.235-03:00  WARN 24488 --- [backend] [    Test worker] JpaBaseConfiguration$JpaWebConfiguration : spring.jpa.open-in-view is enabled by default. Therefore, database queries may be performed during view rendering. Explicitly configure spring.jpa.open-in-view to disable this warning
2024-11-26T09:59:23.255-03:00  INFO 24488 --- [backend] [    Test worker] r$InitializeUserDetailsManagerConfigurer : Global AuthenticationManager configured with UserDetailsService bean with name user
2024-11-26T09:59:23.545-03:00  INFO 24488 --- [backend] [    Test worker] c.e.c.backend.BackendApplicationTests    : Started BackendApplicationTests in 1.761 seconds (process running for 2.179)
]]></system-out>
  <system-err><![CDATA[WARNING: A Java agent has been loaded dynamically (/Users/hee/.gradle/caches/modules-2/files-2.1/net.bytebuddy/byte-buddy-agent/1.14.19/154da3a65b4f4a909d3e5bdec55d1b2b4cbb6ce1/byte-buddy-agent-1.14.19.jar)
WARNING: If a serviceability tool is in use, please run with -XX:+EnableDynamicAgentLoading to hide this warning
WARNING: If a serviceability tool is not in use, please run with -Djdk.instrument.traceUsage for more information
WARNING: Dynamic loading of agents will be disallowed by default in a future release
]]></system-err>
</testsuite>
